Using pre-set license
Built from '2020.3/staging' branch; Version is '2020.3.9f1 (108be757e447) revision 1084391'; Using compiler version '192528614'; Build Type 'Release'
OS: 'Windows 10 Enterprise; OS build 19042.1288; Version 2009; 64bit' Language: 'en' Physical Memory: 32596 MB
BatchMode: 1, IsHumanControllingUs: 0, StartBugReporterOnCrash: 0, Is64bit: 1, IsPro: 0

 COMMAND LINE ARGUMENTS:
C:\Program Files\Unity\Hub\Editor\2020.3.9f1\Editor\Unity.exe
-adb2
-batchMode
-noUpm
-name
AssetImportWorker0
-projectPath
D:/Virtual&AugmentedReality(2021-2022)/Sandbox
-logFile
Logs/AssetImportWorker0.log
-srvPort
56968
Successfully changed project path to: D:/Virtual&AugmentedReality(2021-2022)/Sandbox
D:/Virtual&AugmentedReality(2021-2022)/Sandbox
Using Asset Import Pipeline V2.
Refreshing native plugins compatible for Editor in 283.72 ms, found 3 plugins.
Preloading 1 native plugins for Editor in 17.20 ms.
Initialize engine version: 2020.3.9f1 (108be757e447)
[Subsystems] Discovering subsystems at path C:/Program Files/Unity/Hub/Editor/2020.3.9f1/Editor/Data/Resources/UnitySubsystems
[Subsystems] Discovering subsystems at path D:/Virtual&AugmentedReality(2021-2022)/Sandbox/Assets
GfxDevice: creating device client; threaded=0
Direct3D:
    Version:  Direct3D 11.0 [level 11.1]
    Renderer: NVIDIA GeForce RTX 2080 SUPER (ID=0x1e81)
    Vendor:   
    VRAM:     8010 MB
    Driver:   27.21.14.6137
Initialize mono
Mono path[0] = 'C:/Program Files/Unity/Hub/Editor/2020.3.9f1/Editor/Data/Managed'
Mono path[1] = 'C:/Program Files/Unity/Hub/Editor/2020.3.9f1/Editor/Data/MonoBleedingEdge/lib/mono/unityjit'
Mono config path = 'C:/Program Files/Unity/Hub/Editor/2020.3.9f1/Editor/Data/MonoBleedingEdge/etc'
Using monoOptions --debugger-agent=transport=dt_socket,embedding=1,server=y,suspend=n,address=127.0.0.1:56132
Begin MonoManager ReloadAssembly
Registering precompiled unity dll's ...
Register platform support module: C:/Program Files/Unity/Hub/Editor/2020.3.9f1/Editor/Data/PlaybackEngines/WindowsStandaloneSupport/UnityEditor.WindowsStandalone.Extensions.dll
Registered in 0.099346 seconds.
Native extension for WindowsStandalone target not found
Refreshing native plugins compatible for Editor in 43.23 ms, found 3 plugins.
Preloading 1 native plugins for Editor in 0.07 ms.
Mono: successfully reloaded assembly
- Completed reload, in  3.939 seconds
Platform modules already initialized, skipping
Registering precompiled user dll's ...
Registered in 0.065904 seconds.
Begin MonoManager ReloadAssembly
Native extension for WindowsStandalone target not found
Refreshing native plugins compatible for Editor in 48.59 ms, found 3 plugins.
Preloading 1 native plugins for Editor in 0.09 ms.
[XR] OculusXRPlugin: registering subsystems
[XR] Unable to register display lifecyle provider: [1]
[XR] Oculus Input lifecycle provider registered.
[XR] Unable to register input lifecyle provider: [1]
NullReferenceException: Object reference not set to an instance of an object
  at Unity.XR.Oculus.OculusLoader.AssetPathToAbsolutePath (System.String assetPath) [0x00048] in D:\Virtual&AugmentedReality(2021-2022)\Sandbox\Library\PackageCache\com.unity.xr.oculus@1.9.1\Runtime\OculusLoader.cs:249 
  at Unity.XR.Oculus.OculusLoader.EditorLoadOVRPlugin () [0x0007b] in D:\Virtual&AugmentedReality(2021-2022)\Sandbox\Library\PackageCache\com.unity.xr.oculus@1.9.1\Runtime\OculusLoader.cs:234 

(Filename: Library/PackageCache/com.unity.xr.oculus@1.9.1/Runtime/OculusLoader.cs Line: 249)

Mono: successfully reloaded assembly
- Completed reload, in  3.041 seconds
Platform modules already initialized, skipping
========================================================================
Worker process is ready to serve import requests
Shader 'Universal Render Pipeline/Particles/Lit': fallback shader 'Universal Render Pipeline/Particles/SimpleLit' not found
Shader 'Universal Render Pipeline/Particles/Lit': fallback shader 'Universal Render Pipeline/Particles/SimpleLit' not found
Launched and connected shader compiler UnityShaderCompiler.exe after 0.07 seconds
Refreshing native plugins compatible for Editor in 0.49 ms, found 3 plugins.
Preloading 1 native plugins for Editor in 0.07 ms.
Unloading 3055 Unused Serialized files (Serialized files now loaded: 0)
System memory in use before: 137.0 MB.
System memory in use after: 134.4 MB.

Unloading 50 unused Assets to reduce memory usage. Loaded Objects now: 3471.
Total: 2.899300 ms (FindLiveObjects: 0.215100 ms CreateObjectMapping: 0.103500 ms MarkObjects: 1.577500 ms  DeleteObjects: 1.002500 ms)

========================================================================
Received Import Request.
  path: Assets/Scenes/XR_InteractionPrototype.unity
  artifactKey: Guid(6d259484984400645b15d7b559e1a0e1) Importer(815301076,1909f56bfc062723c751e8b465ee728b)
Start importing Assets/Scenes/XR_InteractionPrototype.unity using Guid(6d259484984400645b15d7b559e1a0e1) Importer(815301076,1909f56bfc062723c751e8b465ee728b)  -> (artifact id: '2500b1e58d319c705fb3cbcb2b532528') in 0.032407 seconds
  Import took 0.038014 seconds .

========================================================================
Received Import Request.
  Time since last request: 494.333544 seconds.
  path: Assets/Scripts/InteractionPrototype_Scripts
  artifactKey: Guid(44fe7fed96c97d64fb95a4cfa0f73016) Importer(815301076,1909f56bfc062723c751e8b465ee728b)
Start importing Assets/Scripts/InteractionPrototype_Scripts using Guid(44fe7fed96c97d64fb95a4cfa0f73016) Importer(815301076,1909f56bfc062723c751e8b465ee728b)  -> (artifact id: '96d963d14c8a07adce113f44183a2d34') in 0.017011 seconds
  Import took 0.023308 seconds .

========================================================================
Received Import Request.
  Time since last request: 32.170207 seconds.
  path: Assets/Scripts/SimpleCameraController.cs
  artifactKey: Guid(be76e5f14cfee674cb30b491fb72b09b) Importer(815301076,1909f56bfc062723c751e8b465ee728b)
Start importing Assets/Scripts/SimpleCameraController.cs using Guid(be76e5f14cfee674cb30b491fb72b09b) Importer(815301076,1909f56bfc062723c751e8b465ee728b)  -> (artifact id: '22f43657664d19fbc476a42e0fad91a9') in 0.045762 seconds
  Import took 0.051716 seconds .

========================================================================
Received Import Request.
  Time since last request: 16.457807 seconds.
  path: Assets/Scripts/HandController.cs
  artifactKey: Guid(32a954ce14c808347901755e3175570e) Importer(815301076,1909f56bfc062723c751e8b465ee728b)
Start importing Assets/Scripts/HandController.cs using Guid(32a954ce14c808347901755e3175570e) Importer(815301076,1909f56bfc062723c751e8b465ee728b)  -> (artifact id: '3561a2e43038518015a3e2c8393969e0') in 0.020413 seconds
  Import took 0.026217 seconds .

AssetImportWorkerClient::OnTransportError - code=2 error=End of file
